<?xml version="1.0" encoding="UTF-8"?>
<!-- Generated by org.testng.reporters.JUnitReportReporter -->
<testsuite hostname="ip-10-199-113-64" failures="0" tests="4" name="tests.ProductTest" time="5.933" errors="0" timestamp="2022-08-02T01:17:35 UTC" skipped="1">
  <testcase classname="tests.ProductTest" name="verifyGetRequest" time="3.843"/>
  <system-out/>
  <testcase classname="tests.ProductTest" name="verifyAddProduct" time="1.673"/>
  <system-out/>
  <testcase classname="tests.ProductTest" name="verifyAddProductWithMapPayload" time="0.417"/>
  <system-out/>
  <testcase classname="tests.ProductTest" name="verifyEndToEndCallFlow">
    <skipped/>
  </testcase> <!-- verifyEndToEndCallFlow -->
  <system-out/>
</testsuite> <!-- tests.ProductTest -->
